#
# There is insufficient memory for the Java Runtime Environment to continue.
# Native memory allocation (malloc) failed to allocate 32744 bytes for ChunkPool::allocate
# Possible reasons:
#   The system is out of physical RAM or swap space
#   The process is running with CompressedOops enabled, and the Java Heap may be blocking the growth of the native heap
# Possible solutions:
#   Reduce memory load on the system
#   Increase physical memory or swap space
#   Check if swap backing store is full
#   Decrease Java heap size (-Xmx/-Xms)
#   Decrease number of Java threads
#   Decrease Java thread stack sizes (-Xss)
#   Set larger code cache with -XX:ReservedCodeCacheSize=
#   JVM is running with Zero Based Compressed Oops mode in which the Java heap is
#     placed in the first 32GB address space. The Java Heap base address is the
#     maximum limit for the native heap growth. Please use -XX:HeapBaseMinAddress
#     to set the Java Heap base and to place the Java Heap above 32GB virtual address.
# This output file may be truncated or incomplete.
#
#  Out of Memory Error (./open/src/hotspot/share/memory/arena.cpp:81), pid=42008, tid=55488
#
# JRE version: Java(TM) SE Runtime Environment 18.9 (11.0.16.1+1) (build 11.0.16.1+1-LTS-1)
# Java VM: Java HotSpot(TM) 64-Bit Server VM 18.9 (11.0.16.1+1-LTS-1, mixed mode, tiered, compressed oops, g1 gc, windows-amd64)
# No core dump will be written. Minidumps are not enabled by default on client versions of Windows
#

---------------  S U M M A R Y ------------

Command Line: org.jetbrains.kotlin.cli.jvm.K2JVMCompiler @D:\meghprojects\app\sobhanew\wwwroot\node_modules\react-native-gradle-plugin\build\20221110_18074816456568808030.compiler.options

Host: 11th Gen Intel(R) Core(TM) i5-1135G7 @ 2.40GHz, 8 cores, 11G,  Windows 11 , 64 bit Build 22621 (10.0.22621.755)
Time: Thu Nov 10 12:54:00 2022 India Standard Time elapsed time: 1.174215 seconds (0d 0h 0m 1s)

---------------  T H R E A D  ---------------

Current thread (0x000001f9d04a4000):  JavaThread "C2 CompilerThread1" daemon [_thread_in_native, id=55488, stack(0x0000007b59800000,0x0000007b59900000)]


Current CompileTask:
C2:   1174 2091       4       java.util.zip.ZipFile$Source::initCEN (693 bytes)

Stack: [0x0000007b59800000,0x0000007b59900000]
Native frames: (J=compiled Java code, j=interpreted, Vv=VM code, C=native code)
V  [jvm.dll+0x62a3da]
V  [jvm.dll+0x76407f]
V  [jvm.dll+0x765729]
V  [jvm.dll+0x765db3]
V  [jvm.dll+0x23dc18]
V  [jvm.dll+0xb2c7b]
V  [jvm.dll+0xb2fdc]
V  [jvm.dll+0xb2b2b]
V  [jvm.dll+0x60a6df]
V  [jvm.dll+0x659bd3]
V  [jvm.dll+0x18cedd]
V  [jvm.dll+0x1f8792]
V  [jvm.dll+0x1f786d]
V  [jvm.dll+0x177c81]
V  [jvm.dll+0x207186]
V  [jvm.dll+0x20531b]
V  [jvm.dll+0x729f60]
V  [jvm.dll+0x722b34]
V  [jvm.dll+0x629276]
C  [ucrtbase.dll+0x29363]
C  [KERNEL32.DLL+0x1244d]
C  [ntdll.dll+0x5dfb8]


---------------  P R O C E S S  ---------------

Threads class SMR info:
_java_thread_list=0x000001f9d0477aa0, length=12, elements={
0x000001f9af529800, 0x000001f9d025c000, 0x000001f9d025f800, 0x000001f9d02cb000,
0x000001f9d02cc800, 0x000001f9d0275000, 0x000001f9d0279800, 0x000001f9d027d000,
0x000001f9d027f800, 0x000001f9d0467000, 0x000001f9d04a4000, 0x000001f9d04a5000
}

Java Threads: ( => current thread )
  0x000001f9af529800 JavaThread "main" [_thread_in_Java, id=60004, stack(0x0000007b58700000,0x0000007b58800000)]
  0x000001f9d025c000 JavaThread "Reference Handler" daemon [_thread_blocked, id=59464, stack(0x0000007b58e00000,0x0000007b58f00000)]
  0x000001f9d025f800 JavaThread "Finalizer" daemon [_thread_blocked, id=13352, stack(0x0000007b58f00000,0x0000007b59000000)]
  0x000001f9d02cb000 JavaThread "Signal Dispatcher" daemon [_thread_blocked, id=13408, stack(0x0000007b59000000,0x0000007b59100000)]
  0x000001f9d02cc800 JavaThread "Attach Listener" daemon [_thread_blocked, id=43796, stack(0x0000007b59100000,0x0000007b59200000)]
  0x000001f9d0275000 JavaThread "Service Thread" daemon [_thread_blocked, id=18652, stack(0x0000007b59200000,0x0000007b59300000)]
  0x000001f9d0279800 JavaThread "C2 CompilerThread0" daemon [_thread_in_native, id=19156, stack(0x0000007b59300000,0x0000007b59400000)]
  0x000001f9d027d000 JavaThread "C1 CompilerThread0" daemon [_thread_blocked, id=39908, stack(0x0000007b59400000,0x0000007b59500000)]
  0x000001f9d027f800 JavaThread "Sweeper thread" daemon [_thread_blocked, id=51304, stack(0x0000007b59500000,0x0000007b59600000)]
  0x000001f9d0467000 JavaThread "Common-Cleaner" daemon [_thread_blocked, id=5588, stack(0x0000007b59700000,0x0000007b59800000)]
=>0x000001f9d04a4000 JavaThread "C2 CompilerThread1" daemon [_thread_in_native, id=55488, stack(0x0000007b59800000,0x0000007b59900000)]
  0x000001f9d04a5000 JavaThread "C2 CompilerThread2" daemon [_thread_in_native, id=16564, stack(0x0000007b59900000,0x0000007b59a00000)]

Other Threads:
  0x000001f9d0236800 VMThread "VM Thread" [stack: 0x0000007b58d00000,0x0000007b58e00000] [id=19264]
  0x000001f9d0462800 WatcherThread [stack: 0x0000007b59600000,0x0000007b59700000] [id=48296]
  0x000001f9af53a800 GCTaskThread "GC Thread#0" [stack: 0x0000007b58800000,0x0000007b58900000] [id=59168]
  0x000001f9d0bf3800 GCTaskThread "GC Thread#1" [stack: 0x0000007b59a00000,0x0000007b59b00000] [id=62952]
  0x000001f9d0c21000 GCTaskThread "GC Thread#2" [stack: 0x0000007b59b00000,0x0000007b59c00000] [id=59236]
  0x000001f9d0c21800 GCTaskThread "GC Thread#3" [stack: 0x0000007b59c00000,0x0000007b59d00000] [id=42432]
  0x000001f9af580800 ConcurrentGCThread "G1 Main Marker" [stack: 0x0000007b58900000,0x0000007b58a00000] [id=44280]
  0x000001f9af582800 ConcurrentGCThread "G1 Conc#0" [stack: 0x0000007b58a00000,0x0000007b58b00000] [id=13016]
  0x000001f9d136c800 ConcurrentGCThread "G1 Conc#1" [stack: 0x0000007b59d00000,0x0000007b59e00000] [id=25788]
  0x000001f9af5fe800 ConcurrentGCThread "G1 Refine#0" [stack: 0x0000007b58b00000,0x0000007b58c00000] [id=12012]
  0x000001f9cf8a1800 ConcurrentGCThread "G1 Young RemSet Sampling" [stack: 0x0000007b58c00000,0x0000007b58d00000] [id=48424]

Threads with active compile tasks:
C2 CompilerThread0     1184 2141       4       org.jetbrains.kotlin.com.intellij.openapi.vfs.impl.ZipEntryMap::put (80 bytes)
C2 CompilerThread1     1184 2091       4       java.util.zip.ZipFile$Source::initCEN (693 bytes)
C2 CompilerThread2     1184 1934   !   4       jdk.internal.loader.BuiltinClassLoader::loadClassOrNull (143 bytes)

VM state:not at safepoint (normal execution)

VM Mutex/Monitor currently owned by a thread: None

Heap address: 0x0000000744200000, size: 3006 MB, Compressed Oops mode: Zero based, Oop shift amount: 3
Narrow klass base: 0x0000000800000000, Narrow klass shift: 0
Compressed class space size: 1073741824 Address: 0x0000000800000000

Heap:
 garbage-first heap   total 192512K, used 75776K [0x0000000744200000, 0x0000000800000000)
  region size 1024K, 53 young (54272K), 6 survivors (6144K)
 Metaspace       used 30320K, capacity 30782K, committed 31024K, reserved 1077248K
  class space    used 3647K, capacity 3881K, committed 3968K, reserved 1048576K
Heap Regions: E=young(eden), S=young(survivor), O=old, HS=humongous(starts), HC=humongous(continues), CS=collection set, F=free, A=archive, TAMS=top-at-mark-start (previous, next)
|   0|0x0000000744200000, 0x0000000744300000, 0x0000000744300000|100%|HS|  |TAMS 0x0000000744300000, 0x0000000744200000| Complete 
|   1|0x0000000744300000, 0x0000000744400000, 0x0000000744400000|100%|HC|  |TAMS 0x0000000744400000, 0x0000000744300000| Complete 
|   2|0x0000000744400000, 0x0000000744500000, 0x0000000744500000|100%|HC|  |TAMS 0x0000000744500000, 0x0000000744400000| Complete 
|   3|0x0000000744500000, 0x0000000744600000, 0x0000000744600000|100%|HS|  |TAMS 0x0000000744500000, 0x0000000744500000| Complete 
|   4|0x0000000744600000, 0x0000000744700000, 0x0000000744700000|100%|HC|  |TAMS 0x0000000744600000, 0x0000000744600000| Complete 
|   5|0x0000000744700000, 0x0000000744800000, 0x0000000744800000|100%|HC|  |TAMS 0x0000000744700000, 0x0000000744700000| Complete 
|   6|0x0000000744800000, 0x0000000744900000, 0x0000000744900000|100%|HS|  |TAMS 0x0000000744800000, 0x0000000744800000| Complete 
|   7|0x0000000744900000, 0x0000000744a00000, 0x0000000744a00000|100%|HC|  |TAMS 0x0000000744900000, 0x0000000744900000| Complete 
|   8|0x0000000744a00000, 0x0000000744b00000, 0x0000000744b00000|100%|HC|  |TAMS 0x0000000744a00000, 0x0000000744a00000| Complete 
|   9|0x0000000744b00000, 0x0000000744c00000, 0x0000000744c00000|100%|HC|  |TAMS 0x0000000744b00000, 0x0000000744b00000| Complete 
|  10|0x0000000744c00000, 0x0000000744d00000, 0x0000000744d00000|100%|HC|  |TAMS 0x0000000744c00000, 0x0000000744c00000| Complete 
|  11|0x0000000744d00000, 0x0000000744e00000, 0x0000000744e00000|100%|HS|  |TAMS 0x0000000744d00000, 0x0000000744d00000| Complete 
|  12|0x0000000744e00000, 0x0000000744f00000, 0x0000000744f00000|100%|HS|  |TAMS 0x0000000744e00000, 0x0000000744e00000| Complete 
|  13|0x0000000744f00000, 0x0000000745000000, 0x0000000745000000|100%|HC|  |TAMS 0x0000000744f00000, 0x0000000744f00000| Complete 
|  14|0x0000000745000000, 0x0000000745100000, 0x0000000745100000|100%|HC|  |TAMS 0x0000000745000000, 0x0000000745000000| Complete 
|  15|0x0000000745100000, 0x0000000745200000, 0x0000000745200000|100%|HC|  |TAMS 0x0000000745100000, 0x0000000745100000| Complete 
|  16|0x0000000745200000, 0x0000000745300000, 0x0000000745300000|100%|HC|  |TAMS 0x0000000745200000, 0x0000000745200000| Complete 
|  17|0x0000000745300000, 0x0000000745400000, 0x0000000745400000|100%|HS|  |TAMS 0x0000000745300000, 0x0000000745300000| Complete 
|  18|0x0000000745400000, 0x0000000745500000, 0x0000000745500000|100%|HS|  |TAMS 0x0000000745400000, 0x0000000745400000| Complete 
|  19|0x0000000745500000, 0x0000000745600000, 0x0000000745600000|100%|HC|  |TAMS 0x0000000745500000, 0x0000000745500000| Complete 
|  20|0x0000000745600000, 0x0000000745700000, 0x0000000745700000|100%|HC|  |TAMS 0x0000000745600000, 0x0000000745600000| Complete 
|  21|0x0000000745700000, 0x0000000745800000, 0x0000000745800000|100%|HC|  |TAMS 0x0000000745700000, 0x0000000745700000| Complete 
|  22|0x0000000745800000, 0x0000000745900000, 0x0000000745900000|100%|HC|  |TAMS 0x0000000745800000, 0x0000000745800000| Complete 
|  23|0x0000000745900000, 0x0000000745900000, 0x0000000745a00000|  0%| F|  |TAMS 0x0000000745900000, 0x0000000745900000| Untracked 
|  24|0x0000000745a00000, 0x0000000745a00000, 0x0000000745b00000|  0%| F|  |TAMS 0x0000000745a00000, 0x0000000745a00000| Untracked 
|  25|0x0000000745b00000, 0x0000000745b00000, 0x0000000745c00000|  0%| F|  |TAMS 0x0000000745b00000, 0x0000000745b00000| Untracked 
|  26|0x0000000745c00000, 0x0000000745c00000, 0x0000000745d00000|  0%| F|  |TAMS 0x0000000745c00000, 0x0000000745c00000| Untracked 
|  27|0x0000000745d00000, 0x0000000745d00000, 0x0000000745e00000|  0%| F|  |TAMS 0x0000000745d00000, 0x0000000745d00000| Untracked 
|  28|0x0000000745e00000, 0x0000000745e00000, 0x0000000745f00000|  0%| F|  |TAMS 0x0000000745e00000, 0x0000000745e00000| Untracked 
|  29|0x0000000745f00000, 0x0000000745f00000, 0x0000000746000000|  0%| F|  |TAMS 0x0000000745f00000, 0x0000000745f00000| Untracked 
|  30|0x0000000746000000, 0x0000000746000000, 0x0000000746100000|  0%| F|  |TAMS 0x0000000746000000, 0x0000000746000000| Untracked 
|  31|0x0000000746100000, 0x0000000746100000, 0x0000000746200000|  0%| F|  |TAMS 0x0000000746100000, 0x0000000746100000| Untracked 
|  32|0x0000000746200000, 0x0000000746200000, 0x0000000746300000|  0%| F|  |TAMS 0x0000000746200000, 0x0000000746200000| Untracked 
|  33|0x0000000746300000, 0x0000000746300000, 0x0000000746400000|  0%| F|  |TAMS 0x0000000746300000, 0x0000000746300000| Untracked 
|  34|0x0000000746400000, 0x0000000746400000, 0x0000000746500000|  0%| F|  |TAMS 0x0000000746400000, 0x0000000746400000| Untracked 
|  35|0x0000000746500000, 0x0000000746500000, 0x0000000746600000|  0%| F|  |TAMS 0x0000000746500000, 0x0000000746500000| Untracked 
|  36|0x0000000746600000, 0x0000000746600000, 0x0000000746700000|  0%| F|  |TAMS 0x0000000746600000, 0x0000000746600000| Untracked 
|  37|0x0000000746700000, 0x0000000746700000, 0x0000000746800000|  0%| F|  |TAMS 0x0000000746700000, 0x0000000746700000| Untracked 
|  38|0x0000000746800000, 0x0000000746800000, 0x0000000746900000|  0%| F|  |TAMS 0x0000000746800000, 0x0000000746800000| Untracked 
|  39|0x0000000746900000, 0x0000000746900000, 0x0000000746a00000|  0%| F|  |TAMS 0x0000000746900000, 0x0000000746900000| Untracked 
|  40|0x0000000746a00000, 0x0000000746a00000, 0x0000000746b00000|  0%| F|  |TAMS 0x0000000746a00000, 0x0000000746a00000| Untracked 
|  41|0x0000000746b00000, 0x0000000746b00000, 0x0000000746c00000|  0%| F|  |TAMS 0x0000000746b00000, 0x0000000746b00000| Untracked 
|  42|0x0000000746c00000, 0x0000000746c00000, 0x0000000746d00000|  0%| F|  |TAMS 0x0000000746c00000, 0x0000000746c00000| Untracked 
|  43|0x0000000746d00000, 0x0000000746d00000, 0x0000000746e00000|  0%| F|  |TAMS 0x0000000746d00000, 0x0000000746d00000| Untracked 
|  44|0x0000000746e00000, 0x0000000746e00000, 0x0000000746f00000|  0%| F|  |TAMS 0x0000000746e00000, 0x0000000746e00000| Untracked 
|  45|0x0000000746f00000, 0x0000000746f00000, 0x0000000747000000|  0%| F|  |TAMS 0x0000000746f00000, 0x0000000746f00000| Untracked 
|  46|0x0000000747000000, 0x0000000747000000, 0x0000000747100000|  0%| F|  |TAMS 0x0000000747000000, 0x0000000747000000| Untracked 
|  47|0x0000000747100000, 0x0000000747100000, 0x0000000747200000|  0%| F|  |TAMS 0x0000000747100000, 0x0000000747100000| Untracked 
|  48|0x0000000747200000, 0x0000000747200000, 0x0000000747300000|  0%| F|  |TAMS 0x0000000747200000, 0x0000000747200000| Untracked 
|  49|0x0000000747300000, 0x0000000747300000, 0x0000000747400000|  0%| F|  |TAMS 0x0000000747300000, 0x0000000747300000| Untracked 
|  50|0x0000000747400000, 0x0000000747400000, 0x0000000747500000|  0%| F|  |TAMS 0x0000000747400000, 0x0000000747400000| Untracked 
|  51|0x0000000747500000, 0x0000000747500000, 0x0000000747600000|  0%| F|  |TAMS 0x0000000747500000, 0x0000000747500000| Untracked 
|  52|0x0000000747600000, 0x0000000747600000, 0x0000000747700000|  0%| F|  |TAMS 0x0000000747600000, 0x0000000747600000| Untracked 
|  53|0x0000000747700000, 0x0000000747700000, 0x0000000747800000|  0%| F|  |TAMS 0x0000000747700000, 0x0000000747700000| Untracked 
|  54|0x0000000747800000, 0x0000000747800000, 0x0000000747900000|  0%| F|  |TAMS 0x0000000747800000, 0x0000000747800000| Untracked 
|  55|0x0000000747900000, 0x0000000747900000, 0x0000000747a00000|  0%| F|  |TAMS 0x0000000747900000, 0x0000000747900000| Untracked 
|  56|0x0000000747a00000, 0x0000000747a00000, 0x0000000747b00000|  0%| F|  |TAMS 0x0000000747a00000, 0x0000000747a00000| Untracked 
|  57|0x0000000747b00000, 0x0000000747b00000, 0x0000000747c00000|  0%| F|  |TAMS 0x0000000747b00000, 0x0000000747b00000| Untracked 
|  58|0x0000000747c00000, 0x0000000747c00000, 0x0000000747d00000|  0%| F|  |TAMS 0x0000000747c00000, 0x0000000747c00000| Untracked 
|  59|0x0000000747d00000, 0x0000000747d00000, 0x0000000747e00000|  0%| F|  |TAMS 0x0000000747d00000, 0x0000000747d00000| Untracked 
|  60|0x0000000747e00000, 0x0000000747e00000, 0x0000000747f00000|  0%| F|  |TAMS 0x0000000747e00000, 0x0000000747e00000| Untracked 
|  61|0x0000000747f00000, 0x0000000747f00000, 0x0000000748000000|  0%| F|  |TAMS 0x0000000747f00000, 0x0000000747f00000| Untracked 
|  62|0x0000000748000000, 0x0000000748000000, 0x0000000748100000|  0%| F|  |TAMS 0x0000000748000000, 0x0000000748000000| Untracked 
|  63|0x0000000748100000, 0x0000000748100000, 0x0000000748200000|  0%| F|  |TAMS 0x0000000748100000, 0x0000000748100000| Untracked 
|  64|0x0000000748200000, 0x0000000748200000, 0x0000000748300000|  0%| F|  |TAMS 0x0000000748200000, 0x0000000748200000| Untracked 
|  65|0x0000000748300000, 0x0000000748300000, 0x0000000748400000|  0%| F|  |TAMS 0x0000000748300000, 0x0000000748300000| Untracked 
|  66|0x0000000748400000, 0x0000000748400000, 0x0000000748500000|  0%| F|  |TAMS 0x0000000748400000, 0x0000000748400000| Untracked 
|  67|0x0000000748500000, 0x0000000748500000, 0x0000000748600000|  0%| F|  |TAMS 0x0000000748500000, 0x0000000748500000| Untracked 
|  68|0x0000000748600000, 0x0000000748600000, 0x0000000748700000|  0%| F|  |TAMS 0x0000000748600000, 0x0000000748600000| Untracked 
|  69|0x0000000748700000, 0x0000000748700000, 0x0000000748800000|  0%| F|  |TAMS 0x0000000748700000, 0x0000000748700000| Untracked 
|  70|0x0000000748800000, 0x0000000748800000, 0x0000000748900000|  0%| F|  |TAMS 0x0000000748800000, 0x0000000748800000| Untracked 
|  71|0x0000000748900000, 0x0000000748900000, 0x0000000748a00000|  0%| F|  |TAMS 0x0000000748900000, 0x0000000748900000| Untracked 
|  72|0x0000000748a00000, 0x0000000748a00000, 0x0000000748b00000|  0%| F|  |TAMS 0x0000000748a00000, 0x0000000748a00000| Untracked 
|  73|0x0000000748b00000, 0x0000000748b00000, 0x0000000748c00000|  0%| F|  |TAMS 0x0000000748b00000, 0x0000000748b00000| Untracked 
|  74|0x0000000748c00000, 0x0000000748c00000, 0x0000000748d00000|  0%| F|  |TAMS 0x0000000748c00000, 0x0000000748c00000| Untracked 
|  75|0x0000000748d00000, 0x0000000748d00000, 0x0000000748e00000|  0%| F|  |TAMS 0x0000000748d00000, 0x0000000748d00000| Untracked 
|  76|0x0000000748e00000, 0x0000000748e00000, 0x0000000748f00000|  0%| F|  |TAMS 0x0000000748e00000, 0x0000000748e00000| Untracked 
|  77|0x0000000748f00000, 0x0000000748f00000, 0x0000000749000000|  0%| F|  |TAMS 0x0000000748f00000, 0x0000000748f00000| Untracked 
|  78|0x0000000749000000, 0x0000000749000000, 0x0000000749100000|  0%| F|  |TAMS 0x0000000749000000, 0x0000000749000000| Untracked 
|  79|0x0000000749100000, 0x0000000749100000, 0x0000000749200000|  0%| F|  |TAMS 0x0000000749100000, 0x0000000749100000| Untracked 
|  80|0x0000000749200000, 0x0000000749200000, 0x0000000749300000|  0%| F|  |TAMS 0x0000000749200000, 0x0000000749200000| Untracked 
|  81|0x0000000749300000, 0x0000000749300000, 0x0000000749400000|  0%| F|  |TAMS 0x0000000749300000, 0x0000000749300000| Untracked 
|  82|0x0000000749400000, 0x0000000749400000, 0x0000000749500000|  0%| F|  |TAMS 0x0000000749400000, 0x0000000749400000| Untracked 
|  83|0x0000000749500000, 0x0000000749500000, 0x0000000749600000|  0%| F|  |TAMS 0x0000000749500000, 0x0000000749500000| Untracked 
|  84|0x0000000749600000, 0x0000000749600000, 0x0000000749700000|  0%| F|  |TAMS 0x0000000749600000, 0x0000000749600000| Untracked 
|  85|0x0000000749700000, 0x0000000749700000, 0x0000000749800000|  0%| F|  |TAMS 0x0000000749700000, 0x0000000749700000| Untracked 
|  86|0x0000000749800000, 0x0000000749800000, 0x0000000749900000|  0%| F|  |TAMS 0x0000000749800000, 0x0000000749800000| Untracked 
|  87|0x0000000749900000, 0x0000000749900000, 0x0000000749a00000|  0%| F|  |TAMS 0x0000000749900000, 0x0000000749900000| Untracked 
|  88|0x0000000749a00000, 0x0000000749a00000, 0x0000000749b00000|  0%| F|  |TAMS 0x0000000749a00000, 0x0000000749a00000| Untracked 
|  89|0x0000000749b00000, 0x0000000749b00000, 0x0000000749c00000|  0%| F|  |TAMS 0x0000000749b00000, 0x0000000749b00000| Untracked 
|  90|0x0000000749c00000, 0x0000000749c00000, 0x0000000749d00000|  0%| F|  |TAMS 0x0000000749c00000, 0x0000000749c00000| Untracked 
|  91|0x0000000749d00000, 0x0000000749d00000, 0x0000000749e00000|  0%| F|  |TAMS 0x0000000749d00000, 0x0000000749d00000| Untracked 
|  92|0x0000000749e00000, 0x0000000749e00000, 0x0000000749f00000|  0%| F|  |TAMS 0x0000000749e00000, 0x0000000749e00000| Untracked 
|  93|0x0000000749f00000, 0x0000000749f00000, 0x000000074a000000|  0%| F|  |TAMS 0x0000000749f00000, 0x0000000749f00000| Untracked 
|  94|0x000000074a000000, 0x000000074a000000, 0x000000074a100000|  0%| F|  |TAMS 0x000000074a000000, 0x000000074a000000| Untracked 
|  95|0x000000074a100000, 0x000000074a100000, 0x000000074a200000|  0%| F|  |TAMS 0x000000074a100000, 0x000000074a100000| Untracked 
|  96|0x000000074a200000, 0x000000074a200000, 0x000000074a300000|  0%| F|  |TAMS 0x000000074a200000, 0x000000074a200000| Untracked 
|  97|0x000000074a300000, 0x000000074a300000, 0x000000074a400000|  0%| F|  |TAMS 0x000000074a300000, 0x000000074a300000| Untracked 
|  98|0x000000074a400000, 0x000000074a400000, 0x000000074a500000|  0%| F|  |TAMS 0x000000074a400000, 0x000000074a400000| Untracked 
|  99|0x000000074a500000, 0x000000074a500000, 0x000000074a600000|  0%| F|  |TAMS 0x000000074a500000, 0x000000074a500000| Untracked 
| 100|0x000000074a600000, 0x000000074a600000, 0x000000074a700000|  0%| F|  |TAMS 0x000000074a600000, 0x000000074a600000| Untracked 
| 101|0x000000074a700000, 0x000000074a700000, 0x000000074a800000|  0%| F|  |TAMS 0x000000074a700000, 0x000000074a700000| Untracked 
| 102|0x000000074a800000, 0x000000074a800000, 0x000000074a900000|  0%| F|  |TAMS 0x000000074a800000, 0x000000074a800000| Untracked 
| 103|0x000000074a900000, 0x000000074a900000, 0x000000074aa00000|  0%| F|  |TAMS 0x000000074a900000, 0x000000074a900000| Untracked 
| 104|0x000000074aa00000, 0x000000074aa00000, 0x000000074ab00000|  0%| F|  |TAMS 0x000000074aa00000, 0x000000074aa00000| Untracked 
| 105|0x000000074ab00000, 0x000000074ab00000, 0x000000074ac00000|  0%| F|  |TAMS 0x000000074ab00000, 0x000000074ab00000| Untracked 
| 106|0x000000074ac00000, 0x000000074ac00000, 0x000000074ad00000|  0%| F|  |TAMS 0x000000074ac00000, 0x000000074ac00000| Untracked 
| 107|0x000000074ad00000, 0x000000074ad00000, 0x000000074ae00000|  0%| F|  |TAMS 0x000000074ad00000, 0x000000074ad00000| Untracked 
| 108|0x000000074ae00000, 0x000000074ae00000, 0x000000074af00000|  0%| F|  |TAMS 0x000000074ae00000, 0x000000074ae00000| Untracked 
| 109|0x000000074af00000, 0x000000074af00000, 0x000000074b000000|  0%| F|  |TAMS 0x000000074af00000, 0x000000074af00000| Untracked 
| 110|0x000000074b000000, 0x000000074b000000, 0x000000074b100000|  0%| F|  |TAMS 0x000000074b000000, 0x000000074b000000| Untracked 
| 111|0x000000074b100000, 0x000000074b100000, 0x000000074b200000|  0%| F|  |TAMS 0x000000074b100000, 0x000000074b100000| Untracked 
| 112|0x000000074b200000, 0x000000074b200000, 0x000000074b300000|  0%| F|  |TAMS 0x000000074b200000, 0x000000074b200000| Untracked 
| 113|0x000000074b300000, 0x000000074b300000, 0x000000074b400000|  0%| F|  |TAMS 0x000000074b300000, 0x000000074b300000| Untracked 
| 114|0x000000074b400000, 0x000000074b400000, 0x000000074b500000|  0%| F|  |TAMS 0x000000074b400000, 0x000000074b400000| Untracked 
| 115|0x000000074b500000, 0x000000074b500000, 0x000000074b600000|  0%| F|  |TAMS 0x000000074b500000, 0x000000074b500000| Untracked 
| 116|0x000000074b600000, 0x000000074b600000, 0x000000074b700000|  0%| F|  |TAMS 0x000000074b600000, 0x000000074b600000| Untracked 
| 117|0x000000074b700000, 0x000000074b700000, 0x000000074b800000|  0%| F|  |TAMS 0x000000074b700000, 0x000000074b700000| Untracked 
| 118|0x000000074b800000, 0x000000074b800000, 0x000000074b900000|  0%| F|  |TAMS 0x000000074b800000, 0x000000074b800000| Untracked 
| 119|0x000000074b900000, 0x000000074b900000, 0x000000074ba00000|  0%| F|  |TAMS 0x000000074b900000, 0x000000074b900000| Untracked 
| 120|0x000000074ba00000, 0x000000074ba00000, 0x000000074bb00000|  0%| F|  |TAMS 0x000000074ba00000, 0x000000074ba00000| Untracked 
| 121|0x000000074bb00000, 0x000000074bb00000, 0x000000074bc00000|  0%| F|  |TAMS 0x000000074bb00000, 0x000000074bb00000| Untracked 
| 122|0x000000074bc00000, 0x000000074bc00000, 0x000000074bd00000|  0%| F|  |TAMS 0x000000074bc00000, 0x000000074bc00000| Untracked 
| 123|0x000000074bd00000, 0x000000074bd00000, 0x000000074be00000|  0%| F|  |TAMS 0x000000074bd00000, 0x000000074bd00000| Untracked 
| 124|0x000000074be00000, 0x000000074be00000, 0x000000074bf00000|  0%| F|  |TAMS 0x000000074be00000, 0x000000074be00000| Untracked 
| 125|0x000000074bf00000, 0x000000074bf00000, 0x000000074c000000|  0%| F|  |TAMS 0x000000074bf00000, 0x000000074bf00000| Untracked 
| 126|0x000000074c000000, 0x000000074c000000, 0x000000074c100000|  0%| F|  |TAMS 0x000000074c000000, 0x000000074c000000| Untracked 
| 127|0x000000074c100000, 0x000000074c100000, 0x000000074c200000|  0%| F|  |TAMS 0x000000074c100000, 0x000000074c100000| Untracked 
| 128|0x000000074c200000, 0x000000074c200000, 0x000000074c300000|  0%| F|  |TAMS 0x000000074c200000, 0x000000074c200000| Untracked 
| 129|0x000000074c300000, 0x000000074c300000, 0x000000074c400000|  0%| F|  |TAMS 0x000000074c300000, 0x000000074c300000| Untracked 
| 130|0x000000074c400000, 0x000000074c400000, 0x000000074c500000|  0%| F|  |TAMS 0x000000074c400000, 0x000000074c400000| Untracked 
| 131|0x000000074c500000, 0x000000074c500000, 0x000000074c600000|  0%| F|  |TAMS 0x000000074c500000, 0x000000074c500000| Untracked 
| 132|0x000000074c600000, 0x000000074c600000, 0x000000074c700000|  0%| F|  |TAMS 0x000000074c600000, 0x000000074c600000| Untracked 
| 133|0x000000074c700000, 0x000000074c700000, 0x000000074c800000|  0%| F|  |TAMS 0x000000074c700000, 0x000000074c700000| Untracked 
| 134|0x000000074c800000, 0x000000074c880800, 0x000000074c900000| 50%| E|  |TAMS 0x000000074c800000, 0x000000074c800000| Complete 
| 135|0x000000074c900000, 0x000000074ca00000, 0x000000074ca00000|100%| E|CS|TAMS 0x000000074c900000, 0x000000074c900000| Complete 
| 136|0x000000074ca00000, 0x000000074cb00000, 0x000000074cb00000|100%| E|CS|TAMS 0x000000074ca00000, 0x000000074ca00000| Complete 
| 137|0x000000074cb00000, 0x000000074cc00000, 0x000000074cc00000|100%| E|CS|TAMS 0x000000074cb00000, 0x000000074cb00000| Complete 
| 138|0x000000074cc00000, 0x000000074cd00000, 0x000000074cd00000|100%| E|CS|TAMS 0x000000074cc00000, 0x000000074cc00000| Complete 
| 139|0x000000074cd00000, 0x000000074ce00000, 0x000000074ce00000|100%| E|CS|TAMS 0x000000074cd00000, 0x000000074cd00000| Complete 
| 140|0x000000074ce00000, 0x000000074cf00000, 0x000000074cf00000|100%| E|CS|TAMS 0x000000074ce00000, 0x000000074ce00000| Complete 
| 141|0x000000074cf00000, 0x000000074d000000, 0x000000074d000000|100%| S|CS|TAMS 0x000000074cf00000, 0x000000074cf00000| Complete 
| 142|0x000000074d000000, 0x000000074d100000, 0x000000074d100000|100%| S|CS|TAMS 0x000000074d000000, 0x000000074d000000| Complete 
| 143|0x000000074d100000, 0x000000074d200000, 0x000000074d200000|100%| S|CS|TAMS 0x000000074d100000, 0x000000074d100000| Complete 
| 144|0x000000074d200000, 0x000000074d300000, 0x000000074d300000|100%| S|CS|TAMS 0x000000074d200000, 0x000000074d200000| Complete 
| 145|0x000000074d300000, 0x000000074d400000, 0x000000074d400000|100%| S|CS|TAMS 0x000000074d300000, 0x000000074d300000| Complete 
| 146|0x000000074d400000, 0x000000074d500000, 0x000000074d500000|100%| S|CS|TAMS 0x000000074d400000, 0x000000074d400000| Complete 
| 147|0x000000074d500000, 0x000000074d600000, 0x000000074d600000|100%| E|CS|TAMS 0x000000074d500000, 0x000000074d500000| Complete 
| 148|0x000000074d600000, 0x000000074d700000, 0x000000074d700000|100%| E|CS|TAMS 0x000000074d600000, 0x000000074d600000| Complete 
| 149|0x000000074d700000, 0x000000074d800000, 0x000000074d800000|100%| E|CS|TAMS 0x000000074d700000, 0x000000074d700000| Complete 
| 150|0x000000074d800000, 0x000000074d900000, 0x000000074d900000|100%| E|CS|TAMS 0x000000074d800000, 0x000000074d800000| Complete 
| 151|0x000000074d900000, 0x000000074da00000, 0x000000074da00000|100%| E|CS|TAMS 0x000000074d900000, 0x000000074d900000| Complete 
| 152|0x000000074da00000, 0x000000074db00000, 0x000000074db00000|100%| E|CS|TAMS 0x000000074da00000, 0x000000074da00000| Complete 
| 153|0x000000074db00000, 0x000000074dc00000, 0x000000074dc00000|100%| E|CS|TAMS 0x000000074db00000, 0x000000074db00000| Complete 
| 154|0x000000074dc00000, 0x000000074dd00000, 0x000000074dd00000|100%| E|CS|TAMS 0x000000074dc00000, 0x000000074dc00000| Complete 
| 155|0x000000074dd00000, 0x000000074de00000, 0x000000074de00000|100%| E|CS|TAMS 0x000000074dd00000, 0x000000074dd00000| Complete 
| 156|0x000000074de00000, 0x000000074df00000, 0x000000074df00000|100%| E|CS|TAMS 0x000000074de00000, 0x000000074de00000| Complete 
| 157|0x000000074df00000, 0x000000074e000000, 0x000000074e000000|100%| E|CS|TAMS 0x000000074df00000, 0x000000074df00000| Complete 
| 158|0x000000074e000000, 0x000000074e100000, 0x000000074e100000|100%| E|CS|TAMS 0x000000074e000000, 0x000000074e000000| Complete 
| 159|0x000000074e100000, 0x000000074e200000, 0x000000074e200000|100%| E|CS|TAMS 0x000000074e100000, 0x000000074e100000| Complete 
| 160|0x000000074e200000, 0x000000074e300000, 0x000000074e300000|100%| E|CS|TAMS 0x000000074e200000, 0x000000074e200000| Complete 
| 161|0x000000074e300000, 0x000000074e400000, 0x000000074e400000|100%| E|CS|TAMS 0x000000074e300000, 0x000000074e300000| Complete 
| 162|0x000000074e400000, 0x000000074e500000, 0x000000074e500000|100%| E|  |TAMS 0x000000074e400000, 0x000000074e400000| Complete 
| 163|0x000000074e500000, 0x000000074e600000, 0x000000074e600000|100%| E|CS|TAMS 0x000000074e500000, 0x000000074e500000| Complete 
| 164|0x000000074e600000, 0x000000074e700000, 0x000000074e700000|100%| E|CS|TAMS 0x000000074e600000, 0x000000074e600000| Complete 
| 165|0x000000074e700000, 0x000000074e800000, 0x000000074e800000|100%| E|CS|TAMS 0x000000074e700000, 0x000000074e700000| Complete 
| 166|0x000000074e800000, 0x000000074e900000, 0x000000074e900000|100%| E|CS|TAMS 0x000000074e800000, 0x000000074e800000| Complete 
| 167|0x000000074e900000, 0x000000074ea00000, 0x000000074ea00000|100%| E|CS|TAMS 0x000000074e900000, 0x000000074e900000| Complete 
| 168|0x000000074ea00000, 0x000000074eb00000, 0x000000074eb00000|100%| E|CS|TAMS 0x000000074ea00000, 0x000000074ea00000| Complete 
| 169|0x000000074eb00000, 0x000000074ec00000, 0x000000074ec00000|100%| E|CS|TAMS 0x000000074eb00000, 0x000000074eb00000| Complete 
| 170|0x000000074ec00000, 0x000000074ed00000, 0x000000074ed00000|100%| E|CS|TAMS 0x000000074ec00000, 0x000000074ec00000| Complete 
| 171|0x000000074ed00000, 0x000000074ee00000, 0x000000074ee00000|100%| E|CS|TAMS 0x000000074ed00000, 0x000000074ed00000| Complete 
| 172|0x000000074ee00000, 0x000000074ef00000, 0x000000074ef00000|100%| E|CS|TAMS 0x000000074ee00000, 0x000000074ee00000| Complete 
| 173|0x000000074ef00000, 0x000000074f000000, 0x000000074f000000|100%| E|CS|TAMS 0x000000074ef00000, 0x000000074ef00000| Complete 
| 174|0x000000074f000000, 0x000000074f100000, 0x000000074f100000|100%| E|CS|TAMS 0x000000074f000000, 0x000000074f000000| Complete 
| 175|0x000000074f100000, 0x000000074f200000, 0x000000074f200000|100%| E|CS|TAMS 0x000000074f100000, 0x000000074f100000| Complete 
| 176|0x000000074f200000, 0x000000074f300000, 0x000000074f300000|100%| E|CS|TAMS 0x000000074f200000, 0x000000074f200000| Complete 
| 177|0x000000074f300000, 0x000000074f400000, 0x000000074f400000|100%| E|CS|TAMS 0x000000074f300000, 0x000000074f300000| Complete 
| 178|0x000000074f400000, 0x000000074f500000, 0x000000074f500000|100%| E|CS|TAMS 0x000000074f400000, 0x000000074f400000| Complete 
| 179|0x000000074f500000, 0x000000074f600000, 0x000000074f600000|100%| E|CS|TAMS 0x000000074f500000, 0x000000074f500000| Complete 
| 180|0x000000074f600000, 0x000000074f700000, 0x000000074f700000|100%| E|CS|TAMS 0x000000074f600000, 0x000000074f600000| Complete 
| 181|0x000000074f700000, 0x000000074f800000, 0x000000074f800000|100%| E|CS|TAMS 0x000000074f700000, 0x000000074f700000| Complete 
| 182|0x000000074f800000, 0x000000074f900000, 0x000000074f900000|100%| E|CS|TAMS 0x000000074f800000, 0x000000074f800000| Complete 
| 183|0x000000074f900000, 0x000000074fa00000, 0x000000074fa00000|100%| E|CS|TAMS 0x000000074f900000, 0x000000074f900000| Complete 
| 184|0x000000074fa00000, 0x000000074fb00000, 0x000000074fb00000|100%| E|CS|TAMS 0x000000074fa00000, 0x000000074fa00000| Complete 
| 185|0x000000074fb00000, 0x000000074fc00000, 0x000000074fc00000|100%| E|CS|TAMS 0x000000074fb00000, 0x000000074fb00000| Complete 
| 186|0x000000074fc00000, 0x000000074fd00000, 0x000000074fd00000|100%| E|CS|TAMS 0x000000074fc00000, 0x000000074fc00000| Complete 
| 187|0x000000074fd00000, 0x000000074fe00000, 0x000000074fe00000|100%| E|CS|TAMS 0x000000074fd00000, 0x000000074fd00000| Complete 

Card table byte_map: [0x000001f9c64e0000,0x000001f9c6ac0000] _byte_map_base: 0x000001f9c2abf000

Marking Bits (Prev, Next): (CMBitMap*) 0x000001f9af573d50, (CMBitMap*) 0x000001f9af573d18
 Prev Bits: [0x000001f9c9fa0000, 0x000001f9cce98000)
 Next Bits: [0x000001f9c70a0000, 0x000001f9c9f98000)

Polling page: 0x000001f9aed00000

Metaspace:

Usage:
  Non-class:     26.27 MB capacity,    26.05 MB (>99%) used,   181.57 KB ( <1%) free+waste,    47.06 KB ( <1%) overhead. 
      Class:      3.79 MB capacity,     3.56 MB ( 94%) used,   209.41 KB (  5%) free+waste,    23.63 KB ( <1%) overhead. 
       Both:     30.06 MB capacity,    29.61 MB ( 99%) used,   390.98 KB (  1%) free+waste,    70.69 KB ( <1%) overhead. 

Virtual space:
  Non-class space:       28.00 MB reserved,      26.42 MB ( 94%) committed 
      Class space:        1.00 GB reserved,       3.88 MB ( <1%) committed 
             Both:        1.03 GB reserved,      30.30 MB (  3%) committed 

Chunk freelists:
   Non-Class:  3.38 KB
       Class:  2.88 KB
        Both:  6.25 KB

CodeHeap 'non-profiled nmethods': size=120000Kb used=769Kb max_used=769Kb free=119230Kb
 bounds [0x000001f9be6a0000, 0x000001f9be910000, 0x000001f9c5bd0000]
CodeHeap 'profiled nmethods': size=120000Kb used=3839Kb max_used=3839Kb free=116160Kb
 bounds [0x000001f9b7170000, 0x000001f9b7530000, 0x000001f9be6a0000]
CodeHeap 'non-nmethods': size=5760Kb used=1183Kb max_used=1203Kb free=4577Kb
 bounds [0x000001f9b6bd0000, 0x000001f9b6e40000, 0x000001f9b7170000]
 total_blobs=2642 nmethods=2131 adapters=422
 compilation: enabled
              stopped_count=0, restarted_count=0
 full_count=0

Compilation events (10 events):
Event: 1.153 Thread 0x000001f9d027d000 2107       3       org.jetbrains.kotlin.com.intellij.openapi.vfs.impl.ZipEntryMap::put (47 bytes)
Event: 1.153 Thread 0x000001f9d027d000 nmethod 2107 0x000001f9b752ea90 code [0x000001f9b752ec40, 0x000001f9b752ee98]
Event: 1.159 Thread 0x000001f9d0279800 nmethod 2127 0x000001f9be75be90 code [0x000001f9be75c060, 0x000001f9be75c728]
Event: 1.159 Thread 0x000001f9d0279800 2132       4       org.jetbrains.kotlin.com.intellij.util.text.CharArrayUtil::regionMatches (83 bytes)
Event: 1.160 Thread 0x000001f9d027d000 2134       3       org.jetbrains.kotlin.com.intellij.openapi.vfs.impl.ZipEntryMap::isTheOne (139 bytes)
Event: 1.161 Thread 0x000001f9d027d000 nmethod 2134 0x000001f9b752f010 code [0x000001f9b752f260, 0x000001f9b752fc08]
Event: 1.161 Thread 0x000001f9d0279800 nmethod 2132 0x000001f9be75cd10 code [0x000001f9be75cec0, 0x000001f9be75d1f8]
Event: 1.161 Thread 0x000001f9d0279800 2133       4       java.lang.String::startsWith (138 bytes)
Event: 1.163 Thread 0x000001f9d0279800 nmethod 2133 0x000001f9be75d510 code [0x000001f9be75d6a0, 0x000001f9be75d8b8]
Event: 1.163 Thread 0x000001f9d0279800 2131       4       org.jetbrains.kotlin.com.intellij.openapi.vfs.impl.ZipEntryMap::get (82 bytes)

GC Heap History (4 events):
Event: 0.323 GC heap before
{Heap before GC invocations=0 (full 0):
 garbage-first heap   total 192512K, used 27648K [0x0000000744200000, 0x0000000800000000)
  region size 1024K, 24 young (24576K), 0 survivors (0K)
 Metaspace       used 12144K, capacity 12246K, committed 12544K, reserved 1060864K
  class space    used 1151K, capacity 1207K, committed 1280K, reserved 1048576K
}
Event: 0.326 GC heap after
{Heap after GC invocations=1 (full 0):
 garbage-first heap   total 192512K, used 5884K [0x0000000744200000, 0x0000000800000000)
  region size 1024K, 3 young (3072K), 3 survivors (3072K)
 Metaspace       used 12144K, capacity 12246K, committed 12544K, reserved 1060864K
  class space    used 1151K, capacity 1207K, committed 1280K, reserved 1048576K
}
Event: 0.704 GC heap before
{Heap before GC invocations=1 (full 0):
 garbage-first heap   total 192512K, used 43772K [0x0000000744200000, 0x0000000800000000)
  region size 1024K, 41 young (41984K), 3 survivors (3072K)
 Metaspace       used 20897K, capacity 21142K, committed 21296K, reserved 1069056K
  class space    used 2251K, capacity 2349K, committed 2432K, reserved 1048576K
}
Event: 0.711 GC heap after
{Heap after GC invocations=2 (full 0):
 garbage-first heap   total 192512K, used 9216K [0x0000000744200000, 0x0000000800000000)
  region size 1024K, 6 young (6144K), 6 survivors (6144K)
 Metaspace       used 20897K, capacity 21142K, committed 21296K, reserved 1069056K
  class space    used 2251K, capacity 2349K, committed 2432K, reserved 1048576K
}

Deoptimization events (10 events):
Event: 0.991 Thread 0x000001f9af529800 Uncommon trap: reason=unstable_if action=reinterpret pc=0x000001f9be6bb0b4 method=java.util.zip.ZipFile$Source.getEntryPos([BZ)I @ 156 c2
Event: 1.031 Thread 0x000001f9af529800 Uncommon trap: reason=unstable_if action=reinterpret pc=0x000001f9be74d1a4 method=jdk.internal.loader.URLClassPath$JarLoader.checkResource(Ljava/lang/String;ZLjava/util/jar/JarEntry;)Ljdk/internal/loader/Resource; @ 42 c2
Event: 1.031 Thread 0x000001f9af529800 Uncommon trap: reason=class_check action=maybe_recompile pc=0x000001f9be72b504 method=java.util.LinkedHashMap.afterNodeInsertion(Z)V @ 15 c2
Event: 1.031 Thread 0x000001f9af529800 Uncommon trap: reason=class_check action=maybe_recompile pc=0x000001f9be72b504 method=java.util.LinkedHashMap.afterNodeInsertion(Z)V @ 15 c2
Event: 1.108 Thread 0x000001f9af529800 Uncommon trap: reason=unstable_if action=reinterpret pc=0x000001f9be71c4c8 method=java.net.URI.match(CJJ)Z @ 19 c2
Event: 1.125 Thread 0x000001f9af529800 Uncommon trap: reason=unstable_if action=reinterpret pc=0x000001f9be741638 method=java.lang.ref.SoftReference.get()Ljava/lang/Object; @ 6 c2
Event: 1.125 Thread 0x000001f9af529800 Uncommon trap: reason=class_check action=maybe_recompile pc=0x000001f9be72b504 method=java.util.LinkedHashMap.afterNodeInsertion(Z)V @ 15 c2
Event: 1.125 Thread 0x000001f9af529800 Uncommon trap: reason=class_check action=maybe_recompile pc=0x000001f9be72b504 method=java.util.LinkedHashMap.afterNodeInsertion(Z)V @ 15 c2
Event: 1.153 Thread 0x000001f9af529800 Uncommon trap: reason=unstable_if action=reinterpret pc=0x000001f9be75bab0 method=org.jetbrains.kotlin.com.intellij.util.text.CharArrayUtil.regionMatches(Ljava/lang/CharSequence;IILjava/lang/CharSequence;)Z @ 37 c2
Event: 1.160 Thread 0x000001f9af529800 Uncommon trap: reason=unstable_if action=reinterpret pc=0x000001f9be75c544 method=org.jetbrains.kotlin.com.intellij.util.text.CharArrayUtil.regionMatches(Ljava/lang/CharSequence;IILjava/lang/CharSequence;)Z @ 37 c2

Classes redefined (0 events):
No events

Internal exceptions (10 events):
Event: 0.861 Thread 0x000001f9af529800 Exception <a 'sun/nio/fs/WindowsException'{0x000000074f2f5990}> (0x000000074f2f5990) thrown at [./open/src/hotspot/share/prims/jni.cpp, line 611]
Event: 0.861 Thread 0x000001f9af529800 Exception <a 'sun/nio/fs/WindowsException'{0x000000074f2f6208}> (0x000000074f2f6208) thrown at [./open/src/hotspot/share/prims/jni.cpp, line 611]
Event: 0.861 Thread 0x000001f9af529800 Exception <a 'sun/nio/fs/WindowsException'{0x000000074f2f6a90}> (0x000000074f2f6a90) thrown at [./open/src/hotspot/share/prims/jni.cpp, line 611]
Event: 0.861 Thread 0x000001f9af529800 Exception <a 'sun/nio/fs/WindowsException'{0x000000074f2f7488}> (0x000000074f2f7488) thrown at [./open/src/hotspot/share/prims/jni.cpp, line 611]
Event: 0.861 Thread 0x000001f9af529800 Exception <a 'sun/nio/fs/WindowsException'{0x000000074f2f7d90}> (0x000000074f2f7d90) thrown at [./open/src/hotspot/share/prims/jni.cpp, line 611]
Event: 0.861 Thread 0x000001f9af529800 Exception <a 'sun/nio/fs/WindowsException'{0x000000074f2f86c8}> (0x000000074f2f86c8) thrown at [./open/src/hotspot/share/prims/jni.cpp, line 611]
Event: 0.862 Thread 0x000001f9af529800 Exception <a 'java/lang/NoSuchMethodError'{0x000000074f2feed8}: java.lang.invoke.DirectMethodHandle$Holder.invokeStatic(Ljava/lang/Object;Ljava/lang/Object;Ljava/lang/Object;Ljava/lang/Object;)V> (0x000000074f2feed8) thrown at [./open/src/hotspot/share/in
Event: 0.902 Thread 0x000001f9af529800 Exception <a 'java/lang/NoSuchMethodError'{0x000000074eedd420}: java.lang.invoke.DirectMethodHandle$Holder.invokeStaticInit(Ljava/lang/Object;Ljava/lang/Object;)V> (0x000000074eedd420) thrown at [./open/src/hotspot/share/interpreter/linkResolver.cpp, line
Event: 0.957 Thread 0x000001f9af529800 Exception <a 'java/lang/NoSuchMethodError'{0x000000074e869c38}: java.lang.invoke.DirectMethodHandle$Holder.invokeVirtual(Ljava/lang/Object;Ljava/lang/Object;)V> (0x000000074e869c38) thrown at [./open/src/hotspot/share/interpreter/linkResolver.cpp, line 77
Event: 1.036 Thread 0x000001f9af529800 Exception <a 'java/lang/NoSuchMethodError'{0x000000074e0d4948}: java.lang.invoke.DirectMethodHandle$Holder.invokeVirtual(Ljava/lang/Object;Ljava/lang/Object;)I> (0x000000074e0d4948) thrown at [./open/src/hotspot/share/interpreter/linkResolver.cpp, line 77

Events (10 events):
Event: 1.142 loading class org/jetbrains/kotlin/com/intellij/util/text/CharArrayExternalizable
Event: 1.142 loading class org/jetbrains/kotlin/com/intellij/util/text/CharArrayExternalizable done
Event: 1.143 loading class org/jetbrains/kotlin/com/intellij/util/text/ByteArrayCharSequence
Event: 1.143 loading class org/jetbrains/kotlin/com/intellij/util/text/ByteArrayCharSequence done
Event: 1.153 Thread 0x000001f9af529800 Uncommon trap: trap_request=0xffffff4d fr.pc=0x000001f9be75bab0 relative=0x0000000000000270
Event: 1.153 Thread 0x000001f9af529800 DEOPT PACKING pc=0x000001f9be75bab0 sp=0x0000007b587fdee0
Event: 1.153 Thread 0x000001f9af529800 DEOPT UNPACKING pc=0x000001f9b6bd83af sp=0x0000007b587fde70 mode 2
Event: 1.160 Thread 0x000001f9af529800 Uncommon trap: trap_request=0xffffff4d fr.pc=0x000001f9be75c544 relative=0x00000000000004e4
Event: 1.160 Thread 0x000001f9af529800 DEOPT PACKING pc=0x000001f9be75c544 sp=0x0000007b587fdf30
Event: 1.160 Thread 0x000001f9af529800 DEOPT UNPACKING pc=0x000001f9b6bd83af sp=0x0000007b587fde60 mode 2


Dynamic libraries:
0x00007ff617f80000 - 0x00007ff617f8f000 	C:\Program Files\Java\jdk-11.0.16.1\bin\java.exe
0x00007ffa22ef0000 - 0x00007ffa23104000 	C:\WINDOWS\SYSTEM32\ntdll.dll
0x00007ffa20f30000 - 0x00007ffa20ff2000 	C:\WINDOWS\System32\KERNEL32.DLL
0x00007ffa20920000 - 0x00007ffa20cbd000 	C:\WINDOWS\System32\KERNELBASE.dll
0x00007ffa20640000 - 0x00007ffa20751000 	C:\WINDOWS\System32\ucrtbase.dll
0x00007ffa117b0000 - 0x00007ffa117c8000 	C:\Program Files\Java\jdk-11.0.16.1\bin\jli.dll
0x00007ffa117d0000 - 0x00007ffa117e5000 	C:\Program Files\Java\jdk-11.0.16.1\bin\VCRUNTIME140.dll
0x00007ffa20e80000 - 0x00007ffa20f2e000 	C:\WINDOWS\System32\ADVAPI32.dll
0x00007ffa21450000 - 0x00007ffa214f7000 	C:\WINDOWS\System32\msvcrt.dll
0x00007ffa21540000 - 0x00007ffa215e4000 	C:\WINDOWS\System32\sechost.dll
0x00007ffa21000000 - 0x00007ffa21115000 	C:\WINDOWS\System32\RPCRT4.dll
0x00007ffa224d0000 - 0x00007ffa2267a000 	C:\WINDOWS\System32\USER32.dll
0x00007ffa20460000 - 0x00007ffa20486000 	C:\WINDOWS\System32\win32u.dll
0x00007ffa06e00000 - 0x00007ffa0708e000 	C:\WINDOWS\WinSxS\amd64_microsoft.windows.common-controls_6595b64144ccf1df_6.0.22621.608_none_a9444ca7c10bb01d\COMCTL32.dll
0x00007ffa21210000 - 0x00007ffa21239000 	C:\WINDOWS\System32\GDI32.dll
0x00007ffa20800000 - 0x00007ffa20912000 	C:\WINDOWS\System32\gdi32full.dll
0x00007ffa20760000 - 0x00007ffa207fa000 	C:\WINDOWS\System32\msvcp_win.dll
0x00007ffa15140000 - 0x00007ffa1514a000 	C:\WINDOWS\SYSTEM32\VERSION.dll
0x00007ffa21500000 - 0x00007ffa21532000 	C:\WINDOWS\System32\IMM32.DLL
0x00007ffa07dc0000 - 0x00007ffa07e5b000 	C:\Program Files\Java\jdk-11.0.16.1\bin\msvcp140.dll
0x00007ff9ec220000 - 0x00007ff9ecd38000 	C:\Program Files\Java\jdk-11.0.16.1\bin\server\jvm.dll
0x00007ffa212a0000 - 0x00007ffa212a8000 	C:\WINDOWS\System32\PSAPI.DLL
0x00007ffa17180000 - 0x00007ffa171b4000 	C:\WINDOWS\SYSTEM32\WINMM.dll
0x00007ffa117a0000 - 0x00007ffa117a9000 	C:\WINDOWS\SYSTEM32\WSOCK32.dll
0x00007ffa223a0000 - 0x00007ffa22411000 	C:\WINDOWS\System32\WS2_32.dll
0x00007ffa1f450000 - 0x00007ffa1f468000 	C:\WINDOWS\SYSTEM32\kernel.appcore.dll
0x00007ffa08ee0000 - 0x00007ffa08ef0000 	C:\Program Files\Java\jdk-11.0.16.1\bin\verify.dll
0x00007ffa1dc50000 - 0x00007ffa1de7e000 	C:\WINDOWS\SYSTEM32\DBGHELP.DLL
0x00007ffa22010000 - 0x00007ffa2239a000 	C:\WINDOWS\System32\combase.dll
0x00007ffa21130000 - 0x00007ffa21207000 	C:\WINDOWS\System32\OLEAUT32.dll
0x00007ff9f7720000 - 0x00007ff9f7752000 	C:\WINDOWS\SYSTEM32\dbgcore.DLL
0x00007ffa20490000 - 0x00007ffa2050b000 	C:\WINDOWS\System32\bcryptPrimitives.dll
0x00007ffa07d90000 - 0x00007ffa07db8000 	C:\Program Files\Java\jdk-11.0.16.1\bin\java.dll
0x00007ffa07d80000 - 0x00007ffa07d8a000 	C:\Program Files\Java\jdk-11.0.16.1\bin\jimage.dll
0x00007ffa07d60000 - 0x00007ffa07d76000 	C:\Program Files\Java\jdk-11.0.16.1\bin\zip.dll
0x00007ffa22680000 - 0x00007ffa22e60000 	C:\WINDOWS\System32\SHELL32.dll
0x00007ffa1e340000 - 0x00007ffa1ec05000 	C:\WINDOWS\SYSTEM32\windows.storage.dll
0x00007ffa1e200000 - 0x00007ffa1e33e000 	C:\WINDOWS\SYSTEM32\wintypes.dll
0x00007ffa21a20000 - 0x00007ffa21b11000 	C:\WINDOWS\System32\SHCORE.dll
0x00007ffa21240000 - 0x00007ffa2129e000 	C:\WINDOWS\System32\shlwapi.dll
0x00007ffa20220000 - 0x00007ffa20241000 	C:\WINDOWS\SYSTEM32\profapi.dll
0x00007ffa07d40000 - 0x00007ffa07d59000 	C:\Program Files\Java\jdk-11.0.16.1\bin\net.dll
0x00007ffa19440000 - 0x00007ffa1956f000 	C:\WINDOWS\SYSTEM32\WINHTTP.dll
0x00007ffa1f8b0000 - 0x00007ffa1f919000 	C:\WINDOWS\system32\mswsock.dll
0x00007ffa07d20000 - 0x00007ffa07d32000 	C:\Program Files\Java\jdk-11.0.16.1\bin\nio.dll

dbghelp: loaded successfully - version: 4.0.5 - missing functions: none
symbol engine: initialized successfully - sym options: 0x614 - pdb path: .;C:\Program Files\Java\jdk-11.0.16.1\bin;C:\WINDOWS\SYSTEM32;C:\WINDOWS\WinSxS\amd64_microsoft.windows.common-controls_6595b64144ccf1df_6.0.22621.608_none_a9444ca7c10bb01d;C:\Program Files\Java\jdk-11.0.16.1\bin\server

VM Arguments:
java_command: org.jetbrains.kotlin.cli.jvm.K2JVMCompiler @D:\meghprojects\app\sobhanew\wwwroot\node_modules\react-native-gradle-plugin\build\20221110_18074816456568808030.compiler.options
java_class_path (initial): C:\Users\ajayb\.gradle\caches\modules-2\files-2.1\org.jetbrains.kotlin\kotlin-compiler-embeddable\1.6.10\88f2073f4020cdb83132cfe940ceb9a60aba54ea\kotlin-compiler-embeddable-1.6.10.jar;C:\Users\ajayb\.gradle\caches\modules-2\files-2.1\org.jetbrains.kotlin\kotlin-reflect\1.6.10\1cbe9c92c12a94eea200d23c2bbaedaf3daf5132\kotlin-reflect-1.6.10.jar;C:\Users\ajayb\.gradle\caches\modules-2\files-2.1\org.jetbrains.kotlin\kotlin-stdlib\1.6.10\b8af3fe6f1ca88526914929add63cf5e7c5049af\kotlin-stdlib-1.6.10.jar;C:\Users\ajayb\.gradle\caches\modules-2\files-2.1\org.jetbrains.kotlin\kotlin-script-runtime\1.6.10\d0a7ff2e2500ef497ed0214ae40ad3c8387a6164\kotlin-script-runtime-1.6.10.jar;C:\Users\ajayb\.gradle\caches\modules-2\files-2.1\org.jetbrains.kotlin\kotlin-daemon-embeddable\1.6.10\a56d79bcbea411fa6058e4ecffc2de73e742bd2a\kotlin-daemon-embeddable-1.6.10.jar;C:\Users\ajayb\.gradle\caches\modules-2\files-2.1\org.jetbrains.intellij.deps\trove4j\1.0.20181211\216c2e14b070f334479d800987affe4054cd563f\trove4j-1.0.20181211.jar;C:\Users\ajayb\.gradle\caches\modules-2\files-2.1\net.java.dev.jna\jna\5.6.0\330f2244e9030119ab3030fc3fededc86713d9cc\jna-5.6.0.jar;C:\Users\ajayb\.gradle\caches\modules-2\files-2.1\org.jetbrains\annotations\13.0\919f0dfe192fb4e063e7dacadee7f8bb9a2672a9\annotations-13.0.jar;C:\Users\ajayb\.gradle\caches\modules-2\files-2.1\org.jetbrains.kotlin\kotlin-stdlib-common\1.6.10\c118700e3a33c8a0d9adc920e9dec0831171925\kotlin-stdlib-common-1.6.10.jar
Launcher Type: SUN_STANDARD

[Global flags]
     intx CICompilerCount                          = 4                                         {product} {ergonomic}
     uint ConcGCThreads                            = 2                                         {product} {ergonomic}
     uint G1ConcRefinementThreads                  = 8                                         {product} {ergonomic}
   size_t G1HeapRegionSize                         = 1048576                                   {product} {ergonomic}
    uintx GCDrainStackTargetSize                   = 64                                        {product} {ergonomic}
   size_t InitialHeapSize                          = 197132288                                 {product} {ergonomic}
   size_t MarkStackSize                            = 4194304                                   {product} {ergonomic}
   size_t MaxHeapSize                              = 3152019456                                {product} {ergonomic}
   size_t MaxNewSize                               = 1890582528                                {product} {ergonomic}
   size_t MinHeapDeltaBytes                        = 1048576                                   {product} {ergonomic}
    uintx NonNMethodCodeHeapSize                   = 5836300                                {pd product} {ergonomic}
    uintx NonProfiledCodeHeapSize                  = 122910970                              {pd product} {ergonomic}
    uintx ProfiledCodeHeapSize                     = 122910970                              {pd product} {ergonomic}
    uintx ReservedCodeCacheSize                    = 251658240                              {pd product} {ergonomic}
     bool SegmentedCodeCache                       = true                                      {product} {ergonomic}
     bool UseCompressedClassPointers               = true                                 {lp64_product} {ergonomic}
     bool UseCompressedOops                        = true                                 {lp64_product} {ergonomic}
     bool UseG1GC                                  = true                                      {product} {ergonomic}
     bool UseLargePagesIndividualAllocation        = false                                  {pd product} {ergonomic}

Logging:
Log output configuration:
 #0: stdout all=warning uptime,level,tags
 #1: stderr all=off uptime,level,tags

Environment Variables:
JAVA_HOME=C:\Program Files\Java\jdk-11.0.16.1
CLASSPATH=D:\meghprojects\app\sobhanew\wwwroot\android\\gradle\wrapper\gradle-wrapper.jar
PATH=C:\Python311\Scripts\;C:\Python311\;C:\Program Files\Common Files\Oracle\Java\javapath;C:\WINDOWS\system32;C:\WINDOWS;C:\WINDOWS\System32\Wbem;C:\WINDOWS\System32\WindowsPowerShell\v1.0\;C:\WINDOWS\System32\OpenSSH\;C:\Program Files\Java\jdk-11.0.16.1;C:\Program Files\dotnet\;C:\Program Files\Filestar;C:\ProgramData\Filestar\aliases;C:\Program Files (x86)\dotnet\;C:\ProgramData\chocolatey\bin;C:\Program Files\Java\jdk-11.0.16.1\bin;C:\Program Files\nodejs\;C:\Users\ajayb\AppData\Local\Microsoft\WindowsApps;C:\Users\ajayb\AppData\Local\Programs\Microsoft VS Code\bin;C:\Users\ajayb\AppData\Local\GitHubDesktop\bin;C:\Users\ajayb\AppData\Roaming\npm
USERNAME=ajayb
OS=Windows_NT
PROCESSOR_IDENTIFIER=Intel64 Family 6 Model 140 Stepping 1, GenuineIntel



---------------  S Y S T E M  ---------------

OS: Windows 11 , 64 bit Build 22621 (10.0.22621.755)

CPU:total 8 (initial active 8) (4 cores per cpu, 2 threads per core) family 6 model 140 stepping 1 microcode 0xa4, cmov, cx8, fxsr, mmx, sse, sse2, sse3, ssse3, sse4.1, sse4.2, popcnt, avx, avx2, aes, clmul, erms, 3dnowpref, lzcnt, ht, tsc, tscinvbit, bmi1, bmi2, adx, evex, sha, fma

Memory: 4k page, system-wide physical 12022M (1993M free)
TotalPageFile size 19339M (AvailPageFile size 5M)
current process WorkingSet (physical memory assigned to process): 204M, peak: 204M
current process commit charge ("private bytes"): 358M, peak: 358M

vm_info: Java HotSpot(TM) 64-Bit Server VM (11.0.16.1+1-LTS-1) for windows-amd64 JRE (11.0.16.1+1-LTS-1), built on Aug 16 2022 01:46:01 by "mach5one" with MS VC++ 15.9 (VS2017)

END.
